SF:lib\src\models\coins.dart
DA:12,2
DA:24,2
DA:25,1
DA:26,1
DA:27,1
DA:28,1
DA:29,1
DA:30,1
DA:31,1
DA:32,1
DA:33,1
LF:11
LH:11
end_of_record
SF:lib\src\blocs\coin_bloc\coin_bloc.dart
DA:13,3
DA:14,2
DA:16,2
DA:17,5
DA:18,3
DA:20,3
DA:23,2
DA:25,4
DA:26,1
DA:27,0
DA:29,3
LF:11
LH:10
end_of_record
SF:lib\src\blocs\coin_bloc\coin_event.dart
DA:4,0
DA:5,0
DA:11,2
DA:12,0
DA:13,0
DA:19,1
DA:20,0
DA:21,0
LF:8
LH:2
end_of_record
SF:lib\src\blocs\coin_bloc\coin_state.dart
DA:6,1
DA:7,1
DA:15,2
DA:16,1
DA:17,2
DA:25,2
DA:27,1
DA:28,2
LF:8
LH:8
end_of_record
SF:lib\src\services\coin_service\coin_service.dart
DA:8,0
LF:1
LH:0
end_of_record
SF:lib\src\blocs\search_bloc\search_bloc.dart
DA:11,1
DA:13,2
DA:14,2
DA:16,3
DA:17,2
DA:19,3
LF:6
LH:6
end_of_record
SF:lib\src\blocs\search_bloc\search_event.dart
DA:4,0
DA:5,0
LF:2
LH:0
end_of_record
SF:lib\src\blocs\search_bloc\search_state.dart
DA:6,3
DA:8,0
DA:9,0
DA:17,2
DA:18,1
DA:19,2
DA:25,2
DA:26,1
DA:27,2
LF:9
LH:7
end_of_record
SF:lib\src\routes\route_genertor.dart
DA:10,1
DA:11,1
DA:12,1
DA:13,0
DA:15,1
DA:16,2
DA:17,1
DA:18,2
DA:20,0
LF:9
LH:7
end_of_record
SF:lib\src\screens\detail_screen\detail_screen.dart
DA:8,6
DA:10,1
DA:12,1
DA:14,1
DA:16,1
DA:22,1
DA:28,0
DA:31,1
DA:34,1
DA:36,1
DA:37,1
DA:38,2
DA:39,1
DA:41,1
DA:42,1
DA:44,1
DA:47,1
DA:48,1
DA:60,1
DA:62,1
DA:86,1
DA:93,1
DA:108,1
DA:123,1
DA:130,1
DA:143,1
DA:156,1
DA:169,1
DA:182,1
DA:195,1
DA:202,1
DA:203,1
LF:32
LH:31
end_of_record
SF:lib\src\screens\home_screen\home_screen.dart
DA:16,7
DA:18,1
DA:19,1
DA:33,1
DA:35,1
DA:36,4
DA:38,2
DA:39,2
DA:42,1
DA:44,3
DA:45,1
DA:48,1
DA:50,1
DA:52,1
DA:61,1
DA:62,1
DA:63,1
DA:64,1
DA:65,1
DA:74,1
DA:75,1
DA:76,1
DA:81,1
DA:82,1
DA:85,2
DA:88,1
DA:89,1
DA:90,0
DA:91,0
DA:92,0
DA:93,0
DA:94,0
DA:97,1
DA:100,1
DA:101,1
DA:102,1
DA:104,1
DA:106,1
DA:108,1
DA:109,1
DA:110,1
DA:112,1
DA:114,1
DA:116,2
DA:117,2
DA:118,1
DA:119,2
DA:120,1
DA:121,1
DA:122,1
DA:123,1
DA:124,1
DA:125,1
DA:127,1
DA:128,2
DA:131,1
DA:132,1
DA:133,1
DA:134,1
DA:135,2
DA:136,1
DA:138,1
DA:139,2
DA:140,1
DA:147,1
DA:151,1
DA:159,1
DA:167,0
DA:168,0
DA:169,0
DA:171,0
DA:172,0
DA:173,0
DA:174,0
DA:175,0
DA:176,0
DA:177,0
LF:77
LH:62
end_of_record
SF:lib\src\screens\not_found_screen\not_found_screen.dart
DA:6,7
DA:8,1
LF:2
LH:2
end_of_record
SF:lib\src\screens\search_screen\search_screen.dart
DA:15,7
DA:17,0
DA:19,2
DA:21,4
DA:22,3
DA:24,1
DA:27,1
DA:29,1
DA:35,1
DA:41,0
DA:44,1
DA:47,1
DA:48,1
DA:49,1
DA:50,1
DA:51,1
DA:52,1
DA:53,1
DA:54,1
DA:55,1
DA:56,2
DA:59,1
DA:60,0
DA:61,0
LF:24
LH:20
end_of_record
SF:lib\src\widgets\custom_card.dart
DA:12,2
DA:21,2
DA:23,2
DA:25,6
DA:26,6
DA:32,2
DA:35,2
DA:36,2
DA:37,2
DA:39,2
DA:40,2
DA:41,2
DA:42,2
DA:43,2
DA:44,2
DA:45,2
DA:48,10
DA:50,2
DA:51,2
DA:52,2
DA:53,2
DA:56,2
DA:58,2
DA:59,2
DA:63,2
DA:64,2
DA:66,2
DA:67,2
DA:69,2
DA:70,2
DA:71,2
DA:72,2
DA:73,4
DA:79,2
DA:81,2
DA:82,4
DA:91,2
DA:92,6
DA:93,4
DA:104,2
DA:105,4
LF:41
LH:41
end_of_record
SF:lib\src\widgets\custom_seach_bar.dart
DA:11,6
DA:13,0
DA:15,1
DA:17,3
DA:18,3
DA:20,1
DA:21,1
DA:28,1
DA:31,1
DA:32,1
DA:36,1
DA:45,1
DA:46,1
DA:51,0
DA:52,0
DA:55,0
DA:56,0
DA:57,0
DA:58,0
DA:59,0
DA:60,0
DA:61,0
DA:62,0
DA:63,0
DA:66,0
DA:67,0
DA:68,0
DA:69,0
DA:71,0
DA:73,0
DA:74,0
DA:75,0
DA:76,0
DA:79,0
DA:80,0
DA:81,0
DA:82,0
DA:83,0
DA:85,0
DA:86,0
DA:88,0
DA:89,0
DA:91,0
DA:93,0
DA:94,0
DA:105,0
LF:46
LH:12
end_of_record
