SF:lib\src\blocs\coin_bloc\coin_bloc.dart
DA:9,3
DA:10,2
DA:12,2
DA:14,5
DA:16,3
LF:5
LH:5
end_of_record
SF:lib\src\blocs\coin_bloc\coin_event.dart
DA:4,0
DA:5,0
LF:2
LH:0
end_of_record
SF:lib\src\blocs\coin_bloc\coin_state.dart
DA:6,1
DA:7,1
DA:15,2
DA:16,1
DA:17,2
DA:25,2
DA:27,1
DA:28,2
LF:8
LH:8
end_of_record
SF:lib\src\services\coin_service\coin_service.dart
DA:8,0
LF:1
LH:0
end_of_record
SF:lib\src\models\coins.dart
DA:14,1
DA:26,2
DA:27,1
DA:28,1
DA:29,1
DA:30,1
DA:31,1
DA:32,1
DA:33,1
DA:34,1
DA:35,1
DA:38,0
DA:39,0
DA:40,0
DA:41,0
DA:42,0
DA:43,0
DA:44,0
DA:45,0
DA:46,0
DA:47,0
DA:48,0
LF:22
LH:11
end_of_record
SF:lib\src\widgets\custom_card.dart
DA:12,2
DA:21,2
DA:23,2
DA:25,6
DA:26,6
DA:30,2
DA:33,2
DA:34,2
DA:35,2
DA:37,2
DA:38,2
DA:39,2
DA:40,2
DA:41,2
DA:42,2
DA:43,2
DA:46,10
DA:48,2
DA:49,2
DA:50,2
DA:51,2
DA:54,2
DA:56,2
DA:57,2
DA:61,2
DA:62,2
DA:64,2
DA:65,2
DA:67,2
DA:68,2
DA:69,4
DA:73,2
DA:75,2
DA:76,4
DA:85,2
DA:86,6
DA:87,4
DA:98,2
DA:99,4
LF:39
LH:39
end_of_record
SF:lib\src\routes\route_genertor.dart
DA:16,1
DA:17,1
DA:18,1
DA:19,1
DA:20,0
DA:21,0
DA:22,0
DA:23,0
DA:24,0
DA:25,0
DA:26,0
DA:31,1
DA:32,2
DA:33,1
DA:34,2
LF:15
LH:8
end_of_record
SF:lib\src\screens\detail_screen\detail_screen.dart
DA:7,1
DA:9,1
DA:11,1
DA:13,1
DA:15,1
DA:21,1
DA:27,0
DA:30,1
DA:33,1
DA:35,1
DA:36,1
DA:37,2
DA:38,1
DA:40,1
DA:41,1
DA:43,1
DA:46,1
DA:47,1
DA:59,1
DA:61,1
DA:85,1
DA:92,1
DA:107,1
DA:122,1
DA:129,1
DA:142,1
DA:155,1
DA:168,1
DA:181,1
DA:194,1
DA:201,1
DA:202,1
LF:32
LH:31
end_of_record
SF:lib\src\screens\home_screen\home_screen.dart
DA:16,2
DA:18,1
DA:19,1
DA:23,1
DA:25,1
DA:33,1
DA:35,1
DA:44,1
DA:45,1
DA:46,1
DA:47,1
DA:48,1
DA:57,1
DA:58,1
DA:59,1
DA:64,1
DA:65,1
DA:68,2
DA:71,1
DA:72,1
DA:73,0
DA:74,0
DA:76,1
DA:79,1
DA:80,1
DA:81,1
DA:83,1
DA:85,1
DA:87,1
DA:88,1
DA:89,2
DA:90,1
DA:91,2
DA:92,1
DA:93,1
DA:97,1
DA:99,1
DA:100,2
DA:103,1
DA:104,1
DA:105,1
DA:106,1
DA:107,2
DA:108,1
DA:109,1
DA:110,1
DA:119,1
LF:47
LH:45
end_of_record
SF:lib\src\screens\search_screen\search_screen.dart
DA:9,1
DA:11,1
DA:13,3
DA:14,1
DA:15,1
DA:17,1
DA:23,1
DA:29,0
DA:32,1
DA:35,1
DA:36,1
DA:37,1
DA:38,1
DA:40,1
DA:41,1
DA:51,1
DA:52,1
DA:57,1
DA:60,1
DA:62,0
LF:20
LH:18
end_of_record
SF:lib\src\config\app_config.dart
DA:9,0
DA:10,0
DA:14,0
DA:15,0
DA:18,0
DA:20,0
DA:21,0
DA:24,0
DA:25,0
DA:28,0
DA:31,0
DA:32,0
DA:33,0
DA:34,0
LF:14
LH:0
end_of_record
SF:lib\src\services\coin_service\app_coin_service.dart
DA:12,0
DA:15,0
DA:16,0
DA:17,0
DA:19,0
DA:20,0
DA:22,0
DA:23,0
DA:27,0
DA:29,0
DA:30,0
DA:31,0
DA:34,0
DA:37,0
DA:38,0
DA:40,0
DA:41,0
DA:44,0
DA:47,0
LF:19
LH:0
end_of_record
